WARNING 2025-01-30 23:15:39,463 base 8808 8448 Session data corrupted
WARNING 2025-01-30 23:15:39,492 base 8808 8448 Session data corrupted
ERROR 2025-01-30 23:16:02,053 log 8808 8448 Internal Server Error: /lead/create/
Traceback (most recent call last):
  File "C:\Bio-Leads\Bio-Lead\biometric_leads\venv\Lib\site-packages\django\core\handlers\exception.py", line 55, in inner
    response = get_response(request)
  File "C:\Bio-Leads\Bio-Lead\biometric_leads\venv\Lib\site-packages\django\core\handlers\base.py", line 197, in _get_response
    response = wrapped_callback(request, *callback_args, **callback_kwargs)
  File "C:\Bio-Leads\Bio-Lead\biometric_leads\venv\Lib\site-packages\django\contrib\auth\decorators.py", line 60, in _view_wrapper
    return view_func(request, *args, **kwargs)
  File "C:\Bio-Leads\Bio-Lead\biometric_leads\leads\views.py", line 175, in create_lead
    return redirect('leads_list')
  File "C:\Bio-Leads\Bio-Lead\biometric_leads\venv\Lib\site-packages\django\shortcuts.py", line 49, in redirect
    return redirect_class(resolve_url(to, *args, **kwargs))
                          ~~~~~~~~~~~^^^^^^^^^^^^^^^^^^^^^
  File "C:\Bio-Leads\Bio-Lead\biometric_leads\venv\Lib\site-packages\django\shortcuts.py", line 180, in resolve_url
    return reverse(to, args=args, kwargs=kwargs)
  File "C:\Bio-Leads\Bio-Lead\biometric_leads\venv\Lib\site-packages\django\urls\base.py", line 88, in reverse
    return resolver._reverse_with_prefix(view, prefix, *args, **kwargs)
           ~~~~~~~~~~~~~~~~~~~~~~~~~~~~~^^^^^^^^^^^^^^^^^^^^^^^^^^^^^^^
  File "C:\Bio-Leads\Bio-Lead\biometric_leads\venv\Lib\site-packages\django\urls\resolvers.py", line 831, in _reverse_with_prefix
    raise NoReverseMatch(msg)
django.urls.exceptions.NoReverseMatch: Reverse for 'leads_list' not found. 'leads_list' is not a valid view function or pattern name.
ERROR 2025-01-30 23:16:02,063 basehttp 8808 8448 "POST /lead/create/ HTTP/1.1" 500 94096
WARNING 2025-01-30 23:18:00,999 base 6792 6004 Session data corrupted
WARNING 2025-01-30 23:18:01,063 log 6792 6004 Forbidden (CSRF cookie not set.): /lead/create/
WARNING 2025-01-30 23:18:01,064 basehttp 6792 6004 "POST /lead/create/ HTTP/1.1" 403 2855
WARNING 2025-01-30 23:18:10,584 base 6792 6004 Session data corrupted
WARNING 2025-01-30 23:18:10,609 base 6792 6004 Session data corrupted
INFO 2025-01-30 23:18:25,897 views 6792 6004 Unread notifications for devkeakshay1@gmail.com: 2
INFO 2025-01-30 23:18:42,460 views 6792 6004 Unread notifications for devkeakshay1@gmail.com: 2
INFO 2025-01-30 23:18:45,922 views 6792 6004 Unread notifications for devkeakshay1@gmail.com: 2
INFO 2025-01-30 23:18:48,298 views 6792 6004 Unread notifications for devkeakshay1@gmail.com: 2
INFO 2025-01-30 23:18:50,386 views 6792 6004 Unread notifications for devkeakshay1@gmail.com: 2
WARNING 2025-01-30 23:21:06,582 base 10304 5172 Session data corrupted
WARNING 2025-01-30 23:21:06,614 base 10304 5172 Session data corrupted
INFO 2025-01-30 23:21:12,478 views 10304 5172 All Leads Status Query: status=, search=
ERROR 2025-01-30 23:21:12,483 views 10304 5172 Error in all_leads_status view: 'crispy_forms_tags' is not a registered tag library. Must be one of:
admin_list
admin_modify
admin_urls
cache
custom_filters
i18n
import_export_tags
l10n
log
static
tz
ERROR 2025-01-30 23:21:13,060 log 10304 5172 Internal Server Error: /leads/status/
Traceback (most recent call last):
  File "C:\Bio-Leads\Bio-Lead\biometric_leads\venv\Lib\site-packages\django\template\defaulttags.py", line 1035, in find_library
    return parser.libraries[name]
           ~~~~~~~~~~~~~~~~^^^^^^
KeyError: 'crispy_forms_tags'

During handling of the above exception, another exception occurred:

Traceback (most recent call last):
  File "C:\Bio-Leads\Bio-Lead\biometric_leads\leads\views.py", line 903, in all_leads_status
    return render(request, 'leads/all_leads_status.html', context)
  File "C:\Bio-Leads\Bio-Lead\biometric_leads\venv\Lib\site-packages\django\shortcuts.py", line 25, in render
    content = loader.render_to_string(template_name, context, request, using=using)
  File "C:\Bio-Leads\Bio-Lead\biometric_leads\venv\Lib\site-packages\django\template\loader.py", line 61, in render_to_string
    template = get_template(template_name, using=using)
  File "C:\Bio-Leads\Bio-Lead\biometric_leads\venv\Lib\site-packages\django\template\loader.py", line 15, in get_template
    return engine.get_template(template_name)
           ~~~~~~~~~~~~~~~~~~~^^^^^^^^^^^^^^^
  File "C:\Bio-Leads\Bio-Lead\biometric_leads\venv\Lib\site-packages\django\template\backends\django.py", line 79, in get_template
    return Template(self.engine.get_template(template_name), self)
                    ~~~~~~~~~~~~~~~~~~~~~~~~^^^^^^^^^^^^^^^
  File "C:\Bio-Leads\Bio-Lead\biometric_leads\venv\Lib\site-packages\django\template\engine.py", line 177, in get_template
    template, origin = self.find_template(template_name)
                       ~~~~~~~~~~~~~~~~~~^^^^^^^^^^^^^^^
  File "C:\Bio-Leads\Bio-Lead\biometric_leads\venv\Lib\site-packages\django\template\engine.py", line 159, in find_template
    template = loader.get_template(name, skip=skip)
  File "C:\Bio-Leads\Bio-Lead\biometric_leads\venv\Lib\site-packages\django\template\loaders\cached.py", line 57, in get_template
    template = super().get_template(template_name, skip)
  File "C:\Bio-Leads\Bio-Lead\biometric_leads\venv\Lib\site-packages\django\template\loaders\base.py", line 28, in get_template
    return Template(
        contents,
    ...<2 lines>...
        self.engine,
    )
  File "C:\Bio-Leads\Bio-Lead\biometric_leads\venv\Lib\site-packages\django\template\base.py", line 154, in __init__
    self.nodelist = self.compile_nodelist()
                    ~~~~~~~~~~~~~~~~~~~~~^^
  File "C:\Bio-Leads\Bio-Lead\biometric_leads\venv\Lib\site-packages\django\template\base.py", line 196, in compile_nodelist
    nodelist = parser.parse()
  File "C:\Bio-Leads\Bio-Lead\biometric_leads\venv\Lib\site-packages\django\template\base.py", line 518, in parse
    raise self.error(token, e)
  File "C:\Bio-Leads\Bio-Lead\biometric_leads\venv\Lib\site-packages\django\template\base.py", line 516, in parse
    compiled_result = compile_func(self, token)
  File "C:\Bio-Leads\Bio-Lead\biometric_leads\venv\Lib\site-packages\django\template\loader_tags.py", line 295, in do_extends
    nodelist = parser.parse()
  File "C:\Bio-Leads\Bio-Lead\biometric_leads\venv\Lib\site-packages\django\template\base.py", line 518, in parse
    raise self.error(token, e)
  File "C:\Bio-Leads\Bio-Lead\biometric_leads\venv\Lib\site-packages\django\template\base.py", line 516, in parse
    compiled_result = compile_func(self, token)
  File "C:\Bio-Leads\Bio-Lead\biometric_leads\venv\Lib\site-packages\django\template\defaulttags.py", line 1097, in load
    lib = find_library(parser, name)
  File "C:\Bio-Leads\Bio-Lead\biometric_leads\venv\Lib\site-packages\django\template\defaulttags.py", line 1037, in find_library
    raise TemplateSyntaxError(
    ...<5 lines>...
    )
django.template.exceptions.TemplateSyntaxError: 'crispy_forms_tags' is not a registered tag library. Must be one of:
admin_list
admin_modify
admin_urls
cache
custom_filters
i18n
import_export_tags
l10n
log
static
tz

During handling of the above exception, another exception occurred:

Traceback (most recent call last):
  File "C:\Bio-Leads\Bio-Lead\biometric_leads\venv\Lib\site-packages\django\template\defaulttags.py", line 1035, in find_library
    return parser.libraries[name]
           ~~~~~~~~~~~~~~~~^^^^^^
KeyError: 'crispy_forms_tags'

During handling of the above exception, another exception occurred:

Traceback (most recent call last):
  File "C:\Bio-Leads\Bio-Lead\biometric_leads\venv\Lib\site-packages\django\core\handlers\exception.py", line 55, in inner
    response = get_response(request)
  File "C:\Bio-Leads\Bio-Lead\biometric_leads\venv\Lib\site-packages\django\core\handlers\base.py", line 197, in _get_response
    response = wrapped_callback(request, *callback_args, **callback_kwargs)
  File "C:\Bio-Leads\Bio-Lead\biometric_leads\venv\Lib\site-packages\django\contrib\auth\decorators.py", line 60, in _view_wrapper
    return view_func(request, *args, **kwargs)
  File "C:\Bio-Leads\Bio-Lead\biometric_leads\leads\views.py", line 908, in all_leads_status
    return render(request, 'leads/all_leads_status.html', {'error': str(e)})
  File "C:\Bio-Leads\Bio-Lead\biometric_leads\venv\Lib\site-packages\django\shortcuts.py", line 25, in render
    content = loader.render_to_string(template_name, context, request, using=using)
  File "C:\Bio-Leads\Bio-Lead\biometric_leads\venv\Lib\site-packages\django\template\loader.py", line 61, in render_to_string
    template = get_template(template_name, using=using)
  File "C:\Bio-Leads\Bio-Lead\biometric_leads\venv\Lib\site-packages\django\template\loader.py", line 15, in get_template
    return engine.get_template(template_name)
           ~~~~~~~~~~~~~~~~~~~^^^^^^^^^^^^^^^
  File "C:\Bio-Leads\Bio-Lead\biometric_leads\venv\Lib\site-packages\django\template\backends\django.py", line 79, in get_template
    return Template(self.engine.get_template(template_name), self)
                    ~~~~~~~~~~~~~~~~~~~~~~~~^^^^^^^^^^^^^^^
  File "C:\Bio-Leads\Bio-Lead\biometric_leads\venv\Lib\site-packages\django\template\engine.py", line 177, in get_template
    template, origin = self.find_template(template_name)
                       ~~~~~~~~~~~~~~~~~~^^^^^^^^^^^^^^^
  File "C:\Bio-Leads\Bio-Lead\biometric_leads\venv\Lib\site-packages\django\template\engine.py", line 159, in find_template
    template = loader.get_template(name, skip=skip)
  File "C:\Bio-Leads\Bio-Lead\biometric_leads\venv\Lib\site-packages\django\template\loaders\cached.py", line 57, in get_template
    template = super().get_template(template_name, skip)
  File "C:\Bio-Leads\Bio-Lead\biometric_leads\venv\Lib\site-packages\django\template\loaders\base.py", line 28, in get_template
    return Template(
        contents,
    ...<2 lines>...
        self.engine,
    )
  File "C:\Bio-Leads\Bio-Lead\biometric_leads\venv\Lib\site-packages\django\template\base.py", line 154, in __init__
    self.nodelist = self.compile_nodelist()
                    ~~~~~~~~~~~~~~~~~~~~~^^
  File "C:\Bio-Leads\Bio-Lead\biometric_leads\venv\Lib\site-packages\django\template\base.py", line 196, in compile_nodelist
    nodelist = parser.parse()
  File "C:\Bio-Leads\Bio-Lead\biometric_leads\venv\Lib\site-packages\django\template\base.py", line 518, in parse
    raise self.error(token, e)
  File "C:\Bio-Leads\Bio-Lead\biometric_leads\venv\Lib\site-packages\django\template\base.py", line 516, in parse
    compiled_result = compile_func(self, token)
  File "C:\Bio-Leads\Bio-Lead\biometric_leads\venv\Lib\site-packages\django\template\loader_tags.py", line 295, in do_extends
    nodelist = parser.parse()
  File "C:\Bio-Leads\Bio-Lead\biometric_leads\venv\Lib\site-packages\django\template\base.py", line 518, in parse
    raise self.error(token, e)
  File "C:\Bio-Leads\Bio-Lead\biometric_leads\venv\Lib\site-packages\django\template\base.py", line 516, in parse
    compiled_result = compile_func(self, token)
  File "C:\Bio-Leads\Bio-Lead\biometric_leads\venv\Lib\site-packages\django\template\defaulttags.py", line 1097, in load
    lib = find_library(parser, name)
  File "C:\Bio-Leads\Bio-Lead\biometric_leads\venv\Lib\site-packages\django\template\defaulttags.py", line 1037, in find_library
    raise TemplateSyntaxError(
    ...<5 lines>...
    )
django.template.exceptions.TemplateSyntaxError: 'crispy_forms_tags' is not a registered tag library. Must be one of:
admin_list
admin_modify
admin_urls
cache
custom_filters
i18n
import_export_tags
l10n
log
static
tz
ERROR 2025-01-30 23:21:13,084 basehttp 10304 5172 "GET /leads/status/ HTTP/1.1" 500 405884
INFO 2025-01-30 23:21:46,937 views 10304 5172 All Leads Status Query: status=, search=
ERROR 2025-01-30 23:21:46,943 views 10304 5172 Error in all_leads_status view: 'crispy_forms_tags' is not a registered tag library. Must be one of:
admin_list
admin_modify
admin_urls
cache
custom_filters
i18n
import_export_tags
l10n
log
static
tz
ERROR 2025-01-30 23:21:47,104 log 10304 5172 Internal Server Error: /leads/status/
Traceback (most recent call last):
  File "C:\Bio-Leads\Bio-Lead\biometric_leads\venv\Lib\site-packages\django\template\defaulttags.py", line 1035, in find_library
    return parser.libraries[name]
           ~~~~~~~~~~~~~~~~^^^^^^
KeyError: 'crispy_forms_tags'

During handling of the above exception, another exception occurred:

Traceback (most recent call last):
  File "C:\Bio-Leads\Bio-Lead\biometric_leads\leads\views.py", line 903, in all_leads_status
    return render(request, 'leads/all_leads_status.html', context)
  File "C:\Bio-Leads\Bio-Lead\biometric_leads\venv\Lib\site-packages\django\shortcuts.py", line 25, in render
    content = loader.render_to_string(template_name, context, request, using=using)
  File "C:\Bio-Leads\Bio-Lead\biometric_leads\venv\Lib\site-packages\django\template\loader.py", line 61, in render_to_string
    template = get_template(template_name, using=using)
  File "C:\Bio-Leads\Bio-Lead\biometric_leads\venv\Lib\site-packages\django\template\loader.py", line 15, in get_template
    return engine.get_template(template_name)
           ~~~~~~~~~~~~~~~~~~~^^^^^^^^^^^^^^^
  File "C:\Bio-Leads\Bio-Lead\biometric_leads\venv\Lib\site-packages\django\template\backends\django.py", line 79, in get_template
    return Template(self.engine.get_template(template_name), self)
                    ~~~~~~~~~~~~~~~~~~~~~~~~^^^^^^^^^^^^^^^
  File "C:\Bio-Leads\Bio-Lead\biometric_leads\venv\Lib\site-packages\django\template\engine.py", line 177, in get_template
    template, origin = self.find_template(template_name)
                       ~~~~~~~~~~~~~~~~~~^^^^^^^^^^^^^^^
  File "C:\Bio-Leads\Bio-Lead\biometric_leads\venv\Lib\site-packages\django\template\engine.py", line 159, in find_template
    template = loader.get_template(name, skip=skip)
  File "C:\Bio-Leads\Bio-Lead\biometric_leads\venv\Lib\site-packages\django\template\loaders\cached.py", line 57, in get_template
    template = super().get_template(template_name, skip)
  File "C:\Bio-Leads\Bio-Lead\biometric_leads\venv\Lib\site-packages\django\template\loaders\base.py", line 28, in get_template
    return Template(
        contents,
    ...<2 lines>...
        self.engine,
    )
  File "C:\Bio-Leads\Bio-Lead\biometric_leads\venv\Lib\site-packages\django\template\base.py", line 154, in __init__
    self.nodelist = self.compile_nodelist()
                    ~~~~~~~~~~~~~~~~~~~~~^^
  File "C:\Bio-Leads\Bio-Lead\biometric_leads\venv\Lib\site-packages\django\template\base.py", line 196, in compile_nodelist
    nodelist = parser.parse()
  File "C:\Bio-Leads\Bio-Lead\biometric_leads\venv\Lib\site-packages\django\template\base.py", line 518, in parse
    raise self.error(token, e)
  File "C:\Bio-Leads\Bio-Lead\biometric_leads\venv\Lib\site-packages\django\template\base.py", line 516, in parse
    compiled_result = compile_func(self, token)
  File "C:\Bio-Leads\Bio-Lead\biometric_leads\venv\Lib\site-packages\django\template\loader_tags.py", line 295, in do_extends
    nodelist = parser.parse()
  File "C:\Bio-Leads\Bio-Lead\biometric_leads\venv\Lib\site-packages\django\template\base.py", line 518, in parse
    raise self.error(token, e)
  File "C:\Bio-Leads\Bio-Lead\biometric_leads\venv\Lib\site-packages\django\template\base.py", line 516, in parse
    compiled_result = compile_func(self, token)
  File "C:\Bio-Leads\Bio-Lead\biometric_leads\venv\Lib\site-packages\django\template\defaulttags.py", line 1097, in load
    lib = find_library(parser, name)
  File "C:\Bio-Leads\Bio-Lead\biometric_leads\venv\Lib\site-packages\django\template\defaulttags.py", line 1037, in find_library
    raise TemplateSyntaxError(
    ...<5 lines>...
    )
django.template.exceptions.TemplateSyntaxError: 'crispy_forms_tags' is not a registered tag library. Must be one of:
admin_list
admin_modify
admin_urls
cache
custom_filters
i18n
import_export_tags
l10n
log
static
tz

During handling of the above exception, another exception occurred:

Traceback (most recent call last):
  File "C:\Bio-Leads\Bio-Lead\biometric_leads\venv\Lib\site-packages\django\template\defaulttags.py", line 1035, in find_library
    return parser.libraries[name]
           ~~~~~~~~~~~~~~~~^^^^^^
KeyError: 'crispy_forms_tags'

During handling of the above exception, another exception occurred:

Traceback (most recent call last):
  File "C:\Bio-Leads\Bio-Lead\biometric_leads\venv\Lib\site-packages\django\core\handlers\exception.py", line 55, in inner
    response = get_response(request)
  File "C:\Bio-Leads\Bio-Lead\biometric_leads\venv\Lib\site-packages\django\core\handlers\base.py", line 197, in _get_response
    response = wrapped_callback(request, *callback_args, **callback_kwargs)
  File "C:\Bio-Leads\Bio-Lead\biometric_leads\venv\Lib\site-packages\django\contrib\auth\decorators.py", line 60, in _view_wrapper
    return view_func(request, *args, **kwargs)
  File "C:\Bio-Leads\Bio-Lead\biometric_leads\leads\views.py", line 908, in all_leads_status
    return render(request, 'leads/all_leads_status.html', {'error': str(e)})
  File "C:\Bio-Leads\Bio-Lead\biometric_leads\venv\Lib\site-packages\django\shortcuts.py", line 25, in render
    content = loader.render_to_string(template_name, context, request, using=using)
  File "C:\Bio-Leads\Bio-Lead\biometric_leads\venv\Lib\site-packages\django\template\loader.py", line 61, in render_to_string
    template = get_template(template_name, using=using)
  File "C:\Bio-Leads\Bio-Lead\biometric_leads\venv\Lib\site-packages\django\template\loader.py", line 15, in get_template
    return engine.get_template(template_name)
           ~~~~~~~~~~~~~~~~~~~^^^^^^^^^^^^^^^
  File "C:\Bio-Leads\Bio-Lead\biometric_leads\venv\Lib\site-packages\django\template\backends\django.py", line 79, in get_template
    return Template(self.engine.get_template(template_name), self)
                    ~~~~~~~~~~~~~~~~~~~~~~~~^^^^^^^^^^^^^^^
  File "C:\Bio-Leads\Bio-Lead\biometric_leads\venv\Lib\site-packages\django\template\engine.py", line 177, in get_template
    template, origin = self.find_template(template_name)
                       ~~~~~~~~~~~~~~~~~~^^^^^^^^^^^^^^^
  File "C:\Bio-Leads\Bio-Lead\biometric_leads\venv\Lib\site-packages\django\template\engine.py", line 159, in find_template
    template = loader.get_template(name, skip=skip)
  File "C:\Bio-Leads\Bio-Lead\biometric_leads\venv\Lib\site-packages\django\template\loaders\cached.py", line 57, in get_template
    template = super().get_template(template_name, skip)
  File "C:\Bio-Leads\Bio-Lead\biometric_leads\venv\Lib\site-packages\django\template\loaders\base.py", line 28, in get_template
    return Template(
        contents,
    ...<2 lines>...
        self.engine,
    )
  File "C:\Bio-Leads\Bio-Lead\biometric_leads\venv\Lib\site-packages\django\template\base.py", line 154, in __init__
    self.nodelist = self.compile_nodelist()
                    ~~~~~~~~~~~~~~~~~~~~~^^
  File "C:\Bio-Leads\Bio-Lead\biometric_leads\venv\Lib\site-packages\django\template\base.py", line 196, in compile_nodelist
    nodelist = parser.parse()
  File "C:\Bio-Leads\Bio-Lead\biometric_leads\venv\Lib\site-packages\django\template\base.py", line 518, in parse
    raise self.error(token, e)
  File "C:\Bio-Leads\Bio-Lead\biometric_leads\venv\Lib\site-packages\django\template\base.py", line 516, in parse
    compiled_result = compile_func(self, token)
  File "C:\Bio-Leads\Bio-Lead\biometric_leads\venv\Lib\site-packages\django\template\loader_tags.py", line 295, in do_extends
    nodelist = parser.parse()
  File "C:\Bio-Leads\Bio-Lead\biometric_leads\venv\Lib\site-packages\django\template\base.py", line 518, in parse
    raise self.error(token, e)
  File "C:\Bio-Leads\Bio-Lead\biometric_leads\venv\Lib\site-packages\django\template\base.py", line 516, in parse
    compiled_result = compile_func(self, token)
  File "C:\Bio-Leads\Bio-Lead\biometric_leads\venv\Lib\site-packages\django\template\defaulttags.py", line 1097, in load
    lib = find_library(parser, name)
  File "C:\Bio-Leads\Bio-Lead\biometric_leads\venv\Lib\site-packages\django\template\defaulttags.py", line 1037, in find_library
    raise TemplateSyntaxError(
    ...<5 lines>...
    )
django.template.exceptions.TemplateSyntaxError: 'crispy_forms_tags' is not a registered tag library. Must be one of:
admin_list
admin_modify
admin_urls
cache
custom_filters
i18n
import_export_tags
l10n
log
static
tz
ERROR 2025-01-30 23:21:47,121 basehttp 10304 5172 "GET /leads/status/ HTTP/1.1" 500 405884
WARNING 2025-01-30 23:23:06,698 base 10924 2024 Session data corrupted
WARNING 2025-01-30 23:23:06,729 base 10924 2024 Session data corrupted
INFO 2025-01-30 23:23:11,296 views 10924 2024 All Leads Status Query: status=, search=
INFO 2025-01-30 23:23:22,120 views 10924 2024 Unread notifications for devkeakshay1@gmail.com: 2
INFO 2025-01-30 23:23:27,424 views 10924 2024 All Leads Status Query: status=, search=
INFO 2025-01-30 23:23:30,723 views 10924 2024 Unread notifications for devkeakshay1@gmail.com: 2
INFO 2025-01-30 23:23:34,868 views 10924 2024 All Leads Status Query: status=, search=
INFO 2025-01-30 23:23:44,223 views 10924 2024 Unread notifications for devkeakshay1@gmail.com: 2
INFO 2025-01-30 23:23:46,813 views 10924 2024 Unread notifications for devkeakshay1@gmail.com: 2
INFO 2025-01-30 23:23:55,537 views 10924 2024 Unread notifications for devkeakshay1@gmail.com: 2
INFO 2025-01-30 23:24:00,517 views 10924 2024 All Leads Status Query: status=, search=
INFO 2025-01-30 23:24:03,955 views 10924 2024 All Leads Status Query: status=, search=
INFO 2025-01-30 23:24:15,771 views 10924 2024 All Leads Status Query: status=in_progress, search=
INFO 2025-01-30 23:24:23,825 views 10924 2024 All Leads Status Query: status=new, search=
INFO 2025-01-30 23:24:31,019 views 10924 2024 Unread notifications for devkeakshay1@gmail.com: 2
INFO 2025-01-30 23:24:55,151 views 10924 2024 All Leads Status Query: status=, search=
INFO 2025-01-30 23:25:02,977 views 10924 2024 All Leads Status Query: status=, search=rejected
INFO 2025-01-30 23:25:06,911 views 10924 2024 All Leads Status Query: status=, search=Rejected
INFO 2025-01-30 23:25:14,923 views 10924 2024 All Leads Status Query: status=, search=
INFO 2025-01-30 23:25:24,764 views 10924 2024 All Leads Status Query: status=, search=None
INFO 2025-01-30 23:25:35,437 views 10924 2024 All Leads Status Query: status=, search=
WARNING 2025-01-30 23:28:19,356 base 8924 1880 Session data corrupted
WARNING 2025-01-30 23:28:19,387 base 8924 1880 Session data corrupted
INFO 2025-01-30 23:28:46,322 views 8924 1880 Unread notifications for devkeakshay1@gmail.com: 2
INFO 2025-01-30 23:29:10,539 views 8924 4740 Unread notifications for devkeakshay1@gmail.com: 2
WARNING 2025-01-30 23:29:10,566 basehttp 8924 1880 "GET /static/images/default-avatar.png HTTP/1.1" 404 1889
INFO 2025-01-30 23:29:32,212 views 8924 4740 Unread notifications for devkeakshay1@gmail.com: 2
INFO 2025-01-30 23:29:38,996 views 8924 4740 Unread notifications for devkeakshay1@gmail.com: 2
WARNING 2025-01-30 23:33:17,907 base 2508 2032 Session data corrupted
WARNING 2025-01-30 23:33:17,935 base 2508 2032 Session data corrupted
ERROR 2025-01-30 23:33:22,477 views 2508 2032 Profile completion calculation error: 'User' object has no attribute 'phone'
INFO 2025-01-30 23:33:22,478 views 2508 2032 User Dashboard accessed by devkeakshay1@gmail.com
INFO 2025-01-30 23:34:44,967 views 2508 2032 Unread notifications for devkeakshay1@gmail.com: 2
INFO 2025-01-30 23:34:47,364 views 2508 2032 Unread notifications for devkeakshay1@gmail.com: 2
